{"logLevel":"debug","message":"multithreading is set to false"}
{"logLevel":"debug","message":"Using reflection to scan dependencies for gauge implementations..."}
log4j:WARN No appenders could be found for logger (io.grpc.netty.shaded.io.netty.util.internal.logging.InternalLoggerFactory).
log4j:WARN Please initialize the log4j system properly.
log4j:WARN See http://logging.apache.org/log4j/1.2/faq.html#noconfig for more info.
SLF4J: A number (18) of logging calls during the initialization phase have been intercepted and are
SLF4J: now being replayed. These are subject to the filtering rules of the underlying logging system.
SLF4J: See also http://www.slf4j.org/codes.html#replay
{"logLevel":"debug","message":"gauge-java took 2015milliseconds to load and scan. This should be less than 'runner_connection_timeout' config value."}
{"logLevel":"debug","message":"run 'gauge config runner_connection_timeout' and verify that it is < 2015"}
{"logLevel":"debug","message":"starting gRPC server..."}
{"logLevel":"debug","message":"started gRPC server on port 55446"}
{"logLevel":"info","message":"Listening on port:55446"}
{"logLevel":"debug","message":"Scanning packages for steps"}
{"logLevel":"debug","message":"Comparing 'step.StepImplementation.clickElement' and 'step.StepImplementation.clickElement'"}
{"logLevel":"debug","message":"Found {} - {} elementine tıkla in current project scope."}
{"logLevel":"debug","message":"Comparing 'step.StepImplementation.waitElement' and 'step.StepImplementation.waitElement'"}
{"logLevel":"debug","message":"Found {} saniye bekle in current project scope."}
{"logLevel":"debug","message":"Comparing 'step.StepImplementation.sendKeysElement' and 'step.StepImplementation.sendKeysElement'"}
{"logLevel":"debug","message":"Found {} - {} elementine {} değerini yaz in current project scope."}
{"logLevel":"debug","message":"Scanning packages for hooks"}
{"logLevel":"debug","message":"Scanned steps (using static parsing + reflections): "}
{"logLevel":"debug","message":"\t{} saniye bekle : public void waitElement(long seconds) throws InterruptedException"}
{"logLevel":"debug","message":"\t{} - {} elementine tıkla : public void clickElement(String key, String keyType)"}
{"logLevel":"debug","message":"\t{} - {} elementine {} değerini yaz : public void sendKeysElement(String key, String keyType, String text)"}
Kas 26, 2022 7:59:52 PM org.openqa.selenium.remote.DesiredCapabilities chrome
INFO: Using `new ChromeOptions()` is preferred to `DesiredCapabilities.chrome()`
Starting ChromeDriver 107.0.5304.62 (1eec40d3a5764881c92085aaee66d25075c159aa-refs/branch-heads/5304@{#942}) on port 24752
Only local connections are allowed.
Please see https://chromedriver.chromium.org/security-considerations for suggestions on keeping ChromeDriver safe.
ChromeDriver was started successfully.
Kas 26, 2022 7:59:54 PM org.openqa.selenium.remote.ProtocolHandshake createSession
INFO: Detected dialect: W3C
{"logLevel":"debug","message":"Executing '{} - {} elementine tıkla' using 'class step.StepImplementation.clickElement"}
btnMyAccount -> Element görüntülendi.
{"logLevel":"debug","message":"Executing '{} - {} elementine tıkla' using 'class step.StepImplementation.clickElement"}
//a[text()='Giriş Yap'] -> Element görüntülendi.
{"logLevel":"debug","message":"Executing '{} - {} elementine {} değerini yaz' using 'class step.StepImplementation.sendKeysElement"}
email -> Element görüntülendi ta3320594@gmail.com değeri yazıldı.
{"logLevel":"debug","message":"Executing '{} - {} elementine {} değerini yaz' using 'class step.StepImplementation.sendKeysElement"}
pass -> Element görüntülendi tstccnt123 değeri yazıldı.
{"logLevel":"debug","message":"Executing '{} - {} elementine tıkla' using 'class step.StepImplementation.clickElement"}
{"logLevel":"debug","message":"Executing '{} saniye bekle' using 'class step.StepImplementation.waitElement"}
3 saniye beklendi
[1669482003.499][SEVERE]: Unable to receive message from renderer
{"logLevel":"debug","message":"Killing Java runner..."}
{"logLevel":"debug","message":"Stopping execution pool..."}
{"logLevel":"debug","message":"Shutting down grpc server..."}
{"logLevel":"debug","message":"Runner killed gracefully."}
