{"logLevel":"debug","message":"multithreading is set to false"}
{"logLevel":"debug","message":"Using reflection to scan dependencies for gauge implementations..."}
log4j:WARN No appenders could be found for logger (io.grpc.netty.shaded.io.netty.util.internal.CleanerJava6).
log4j:WARN Please initialize the log4j system properly.
log4j:WARN See http://logging.apache.org/log4j/1.2/faq.html#noconfig for more info.
SLF4J: A number (16) of logging calls during the initialization phase have been intercepted and are
SLF4J: now being replayed. These are subject to the filtering rules of the underlying logging system.
SLF4J: See also http://www.slf4j.org/codes.html#replay
{"logLevel":"debug","message":"gauge-java took 1590milliseconds to load and scan. This should be less than 'runner_connection_timeout' config value."}
{"logLevel":"debug","message":"run 'gauge config runner_connection_timeout' and verify that it is < 1590"}
{"logLevel":"debug","message":"starting gRPC server..."}
{"logLevel":"debug","message":"started gRPC server on port 50521"}
{"logLevel":"info","message":"Listening on port:50521"}
{"logLevel":"debug","message":"Scanning packages for steps"}
{"logLevel":"debug","message":"Comparing 'step.StepImplementation.waitBySeconds' and 'step.StepImplementation.waitBySeconds'"}
{"logLevel":"debug","message":"Found {} saniye bekle in current project scope."}
{"logLevel":"debug","message":"Scanning packages for hooks"}
{"logLevel":"debug","message":"Scanned steps (using static parsing + reflections): "}
{"logLevel":"debug","message":"\t{} saniye bekle : public void waitBySeconds(long seconds)"}
Kas 26, 2022 5:18:53 PM org.openqa.selenium.remote.DesiredCapabilities chrome
INFO: Using `new ChromeOptions()` is preferred to `DesiredCapabilities.chrome()`
Starting ChromeDriver 107.0.5304.62 (1eec40d3a5764881c92085aaee66d25075c159aa-refs/branch-heads/5304@{#942}) on port 14646
Only local connections are allowed.
Please see https://chromedriver.chromium.org/security-considerations for suggestions on keeping ChromeDriver safe.
ChromeDriver was started successfully.
Kas 26, 2022 5:18:55 PM org.openqa.selenium.remote.ProtocolHandshake createSession
INFO: Detected dialect: W3C
{"logLevel":"debug","message":"Executing '{} saniye bekle' using 'class step.StepImplementation.waitBySeconds"}
{"logLevel":"debug","message":"Killing Java runner..."}
{"logLevel":"debug","message":"Stopping execution pool..."}
{"logLevel":"debug","message":"Shutting down grpc server..."}
{"logLevel":"debug","message":"Runner killed gracefully."}
